<?xml version="1.0" encoding="UTF-8"?><testsuite failures="4" name="cucumber.runtime.formatter.JUnitFormatter" skipped="0" tests="4" time="126.628335">
<testcase classname="Login Application feature" name="User Login Scenario" time="37.661907">
<failure message="junit.framework.ComparisonFailure: expected:&lt;[#1 Free CRM software in the cloud for sales and service]&gt; but was:&lt;[www.freecrm.com]&gt;&#13;&#10;&#9;at junit.framework.Assert.assertEquals(Assert.java:100)&#13;&#10;&#9;at junit.framework.Assert.assertEquals(Assert.java:107)&#13;&#10;&#9;at StepDefinitions.LoginSteps.title_of_page_is_FREE_CRM(LoginSteps.java:35)&#13;&#10;&#9;at ✽.When Title of page is FREE CRM(src/main/java/Features/Login.feature:22)&#13;&#10;"><![CDATA[Given User is on Application Home Page......................................passed
When Title of page is FREE CRM..............................................failed
Then user enters "partheshjoshi" and "vaspas9306"...........................skipped
And user clicks on Login Button.............................................skipped
When user navigate to User Profile page.....................................skipped
Then close the browser......................................................skipped

StackTrace:
junit.framework.ComparisonFailure: expected:<[#1 Free CRM software in the cloud for sales and service]> but was:<[www.freecrm.com]>
	at junit.framework.Assert.assertEquals(Assert.java:100)
	at junit.framework.Assert.assertEquals(Assert.java:107)
	at StepDefinitions.LoginSteps.title_of_page_is_FREE_CRM(LoginSteps.java:35)
	at ✽.When Title of page is FREE CRM(src/main/java/Features/Login.feature:22)
]]></failure>
</testcase>
<testcase classname="Login Application feature" name="User Login Scenario 2" time="32.656821">
<failure message="junit.framework.ComparisonFailure: expected:&lt;[#1 Free CRM software in the cloud for sales and service]&gt; but was:&lt;[www.freecrm.com]&gt;&#13;&#10;&#9;at junit.framework.Assert.assertEquals(Assert.java:100)&#13;&#10;&#9;at junit.framework.Assert.assertEquals(Assert.java:107)&#13;&#10;&#9;at StepDefinitions.LoginSteps.title_of_page_is_FREE_CRM(LoginSteps.java:35)&#13;&#10;&#9;at ✽.When Title of page is FREE CRM(src/main/java/Features/Login.feature:22)&#13;&#10;"><![CDATA[Given User is on Application Home Page......................................passed
When Title of page is FREE CRM..............................................failed
Then user enters "tomhank" and "abc123".....................................skipped
And user clicks on Login Button.............................................skipped
When user navigate to User Profile page.....................................skipped
Then close the browser......................................................skipped

StackTrace:
junit.framework.ComparisonFailure: expected:<[#1 Free CRM software in the cloud for sales and service]> but was:<[www.freecrm.com]>
	at junit.framework.Assert.assertEquals(Assert.java:100)
	at junit.framework.Assert.assertEquals(Assert.java:107)
	at StepDefinitions.LoginSteps.title_of_page_is_FREE_CRM(LoginSteps.java:35)
	at ✽.When Title of page is FREE CRM(src/main/java/Features/Login.feature:22)
]]></failure>
</testcase>
<testcase classname="Login Application feature" name="User Login Scenario 3" time="32.642187">
<failure message="junit.framework.ComparisonFailure: expected:&lt;[#1 Free CRM software in the cloud for sales and service]&gt; but was:&lt;[www.freecrm.com]&gt;&#13;&#10;&#9;at junit.framework.Assert.assertEquals(Assert.java:100)&#13;&#10;&#9;at junit.framework.Assert.assertEquals(Assert.java:107)&#13;&#10;&#9;at StepDefinitions.LoginSteps.title_of_page_is_FREE_CRM(LoginSteps.java:35)&#13;&#10;&#9;at ✽.When Title of page is FREE CRM(src/main/java/Features/Login.feature:22)&#13;&#10;"><![CDATA[Given User is on Application Home Page......................................passed
When Title of page is FREE CRM..............................................failed
Then user enters "abhinavnimkar" and "abc123"...............................skipped
And user clicks on Login Button.............................................skipped
When user navigate to User Profile page.....................................skipped
Then close the browser......................................................skipped

StackTrace:
junit.framework.ComparisonFailure: expected:<[#1 Free CRM software in the cloud for sales and service]> but was:<[www.freecrm.com]>
	at junit.framework.Assert.assertEquals(Assert.java:100)
	at junit.framework.Assert.assertEquals(Assert.java:107)
	at StepDefinitions.LoginSteps.title_of_page_is_FREE_CRM(LoginSteps.java:35)
	at ✽.When Title of page is FREE CRM(src/main/java/Features/Login.feature:22)
]]></failure>
</testcase>
<testcase classname="Login Application feature" name="User Login Scenario 4" time="23.66742">
<failure message="org.openqa.selenium.WebDriverException: unknown error: cannot determine loading status&#10;from unknown error: cannot determine loading status&#10;from disconnected: received Inspector.detached event&#10;  (Session info: chrome=71.0.3578.98)&#10;  (Driver info: chromedriver=2.40.565498 (ea082db3280dd6843ebfb08a625e3eb905c4f5ab),platform=Windows NT 6.1.7601 SP1 x86_64) (WARNING: The server did not provide any stacktrace information)&#10;Command duration or timeout: 0 milliseconds&#10;Build info: version: '3.5.3', revision: 'a88d25fe6b', time: '2017-08-29T12:42:44.417Z'&#10;System info: host: 'FTDT798', ip: '10.91.105.162', os.name: 'Windows 7', os.arch: 'amd64', os.version: '6.1', java.version: '1.8.0_162'&#10;Driver info: org.openqa.selenium.chrome.ChromeDriver&#10;Capabilities [{mobileEmulationEnabled=false, hasTouchScreen=false, platform=XP, acceptSslCerts=false, acceptInsecureCerts=false, webStorageEnabled=true, browserName=chrome, takesScreenshot=true, javascriptEnabled=true, platformName=XP, setWindowRect=true, unexpectedAlertBehaviour=, applicationCacheEnabled=false, rotatable=false, networkConnectionEnabled=false, chrome={chromedriverVersion=2.40.565498 (ea082db3280dd6843ebfb08a625e3eb905c4f5ab), userDataDir=C:\Users\PARTHE~1.JOS\AppData\Local\Temp\scoped_dir1320_16713}, takesHeapSnapshot=true, pageLoadStrategy=normal, unhandledPromptBehavior=, databaseEnabled=false, handlesAlerts=true, version=71.0.3578.98, browserConnectionEnabled=false, nativeEvents=true, locationContextEnabled=true, cssSelectorsEnabled=true}]&#10;Session ID: 92abda9e859630360bb8625057a66e8e&#13;&#10;&#9;at sun.reflect.NativeConstructorAccessorImpl.newInstance0(Native Method)&#13;&#10;&#9;at sun.reflect.NativeConstructorAccessorImpl.newInstance(NativeConstructorAccessorImpl.java:62)&#13;&#10;&#9;at sun.reflect.DelegatingConstructorAccessorImpl.newInstance(DelegatingConstructorAccessorImpl.java:45)&#13;&#10;&#9;at java.lang.reflect.Constructor.newInstance(Constructor.java:423)&#13;&#10;&#9;at org.openqa.selenium.remote.ErrorHandler.createThrowable(ErrorHandler.java:215)&#13;&#10;&#9;at org.openqa.selenium.remote.ErrorHandler.throwIfResponseFailed(ErrorHandler.java:167)&#13;&#10;&#9;at org.openqa.selenium.remote.http.JsonHttpResponseCodec.reconstructValue(JsonHttpResponseCodec.java:40)&#13;&#10;&#9;at org.openqa.selenium.remote.http.AbstractHttpResponseCodec.decode(AbstractHttpResponseCodec.java:82)&#13;&#10;&#9;at org.openqa.selenium.remote.http.AbstractHttpResponseCodec.decode(AbstractHttpResponseCodec.java:45)&#13;&#10;&#9;at org.openqa.selenium.remote.HttpCommandExecutor.execute(HttpCommandExecutor.java:164)&#13;&#10;&#9;at org.openqa.selenium.remote.service.DriverCommandExecutor.execute(DriverCommandExecutor.java:82)&#13;&#10;&#9;at org.openqa.selenium.remote.RemoteWebDriver.execute(RemoteWebDriver.java:646)&#13;&#10;&#9;at org.openqa.selenium.remote.RemoteWebDriver.get(RemoteWebDriver.java:370)&#13;&#10;&#9;at StepDefinitions.LoginSteps.user_is_on_Application_Home_Page(LoginSteps.java:24)&#13;&#10;&#9;at ✽.Given User is on Application Home Page(src/main/java/Features/Login.feature:21)&#13;&#10;"><![CDATA[Given User is on Application Home Page......................................failed
When Title of page is FREE CRM..............................................skipped
Then user enters "ajeetmaurya" and "abc123".................................skipped
And user clicks on Login Button.............................................skipped
When user navigate to User Profile page.....................................skipped
Then close the browser......................................................skipped

StackTrace:
org.openqa.selenium.WebDriverException: unknown error: cannot determine loading status
from unknown error: cannot determine loading status
from disconnected: received Inspector.detached event
  (Session info: chrome=71.0.3578.98)
  (Driver info: chromedriver=2.40.565498 (ea082db3280dd6843ebfb08a625e3eb905c4f5ab),platform=Windows NT 6.1.7601 SP1 x86_64) (WARNING: The server did not provide any stacktrace information)
Command duration or timeout: 0 milliseconds
Build info: version: '3.5.3', revision: 'a88d25fe6b', time: '2017-08-29T12:42:44.417Z'
System info: host: 'FTDT798', ip: '10.91.105.162', os.name: 'Windows 7', os.arch: 'amd64', os.version: '6.1', java.version: '1.8.0_162'
Driver info: org.openqa.selenium.chrome.ChromeDriver
Capabilities [{mobileEmulationEnabled=false, hasTouchScreen=false, platform=XP, acceptSslCerts=false, acceptInsecureCerts=false, webStorageEnabled=true, browserName=chrome, takesScreenshot=true, javascriptEnabled=true, platformName=XP, setWindowRect=true, unexpectedAlertBehaviour=, applicationCacheEnabled=false, rotatable=false, networkConnectionEnabled=false, chrome={chromedriverVersion=2.40.565498 (ea082db3280dd6843ebfb08a625e3eb905c4f5ab), userDataDir=C:\Users\PARTHE~1.JOS\AppData\Local\Temp\scoped_dir1320_16713}, takesHeapSnapshot=true, pageLoadStrategy=normal, unhandledPromptBehavior=, databaseEnabled=false, handlesAlerts=true, version=71.0.3578.98, browserConnectionEnabled=false, nativeEvents=true, locationContextEnabled=true, cssSelectorsEnabled=true}]
Session ID: 92abda9e859630360bb8625057a66e8e
	at sun.reflect.NativeConstructorAccessorImpl.newInstance0(Native Method)
	at sun.reflect.NativeConstructorAccessorImpl.newInstance(NativeConstructorAccessorImpl.java:62)
	at sun.reflect.DelegatingConstructorAccessorImpl.newInstance(DelegatingConstructorAccessorImpl.java:45)
	at java.lang.reflect.Constructor.newInstance(Constructor.java:423)
	at org.openqa.selenium.remote.ErrorHandler.createThrowable(ErrorHandler.java:215)
	at org.openqa.selenium.remote.ErrorHandler.throwIfResponseFailed(ErrorHandler.java:167)
	at org.openqa.selenium.remote.http.JsonHttpResponseCodec.reconstructValue(JsonHttpResponseCodec.java:40)
	at org.openqa.selenium.remote.http.AbstractHttpResponseCodec.decode(AbstractHttpResponseCodec.java:82)
	at org.openqa.selenium.remote.http.AbstractHttpResponseCodec.decode(AbstractHttpResponseCodec.java:45)
	at org.openqa.selenium.remote.HttpCommandExecutor.execute(HttpCommandExecutor.java:164)
	at org.openqa.selenium.remote.service.DriverCommandExecutor.execute(DriverCommandExecutor.java:82)
	at org.openqa.selenium.remote.RemoteWebDriver.execute(RemoteWebDriver.java:646)
	at org.openqa.selenium.remote.RemoteWebDriver.get(RemoteWebDriver.java:370)
	at StepDefinitions.LoginSteps.user_is_on_Application_Home_Page(LoginSteps.java:24)
	at ✽.Given User is on Application Home Page(src/main/java/Features/Login.feature:21)
]]></failure>
</testcase>
</testsuite>
